# JRE version: OpenJDK Runtime Environment (17.0.10) (build 17.0.10+0--11572160)
# Java VM: OpenJDK 64-Bit Server VM (17.0.10+0--11572160, mixed mode, tiered, compressed oops, compressed class ptrs, g1 gc, windows-amd64)
GC Precious Log:
 CPUs: 16 total, 16 available
 Memory: 7501M
 Large Page Support: Disabled
 NUMA Support: Disabled
 Compressed Oops: Enabled (32-bit)
 Heap Region Size: 1M
 Heap Min Capacity: 8M
 Heap Initial Capacity: 118M
 Heap Max Capacity: 2G
 Pre-touch: Disabled
 Parallel Workers: 13
 Concurrent Workers: 3
 Concurrent Refinement Workers: 13
 Periodic GC: Disabled
Heap:
 garbage-first heap   total 230400K, used 129247K [0x0000000080000000, 0x0000000100000000)
  region size 1024K, 2 young (2048K), 1 survivors (1024K)
 Metaspace       used 112439K, committed 113408K, reserved 1179648K
  class space    used 14963K, committed 15424K, reserved 1048576K
GC Heap History (20 events):
Event: 116.286 GC heap after
{Heap after GC invocations=44 (full 0):
 garbage-first heap   total 230400K, used 135889K [0x0000000080000000, 0x0000000100000000)
  region size 1024K, 2 young (2048K), 2 survivors (2048K)
 Metaspace       used 112227K, committed 113216K, reserved 1179648K
  class space    used 14940K, committed 15424K, reserved 1048576K
}
Event: 117.300 GC heap before
{Heap before GC invocations=44 (full 0):
 garbage-first heap   total 230400K, used 144081K [0x0000000080000000, 0x0000000100000000)
  region size 1024K, 11 young (11264K), 2 survivors (2048K)
 Metaspace       used 112227K, committed 113216K, reserved 1179648K
  class space    used 14940K, committed 15424K, reserved 1048576K
}
Event: 117.311 GC heap after
{Heap after GC invocations=45 (full 0):
 garbage-first heap   total 230400K, used 135533K [0x0000000080000000, 0x0000000100000000)
  region size 1024K, 1 young (1024K), 1 survivors (1024K)
 Metaspace       used 112227K, committed 113216K, reserved 1179648K
  class space    used 14940K, committed 15424K, reserved 1048576K
}
Event: 124.789 GC heap before
{Heap before GC invocations=45 (full 0):
 garbage-first heap   total 230400K, used 193901K [0x0000000080000000, 0x0000000100000000)
  region size 1024K, 58 young (59392K), 1 survivors (1024K)
 Metaspace       used 112227K, committed 113216K, reserved 1179648K
  class space    used 14940K, committed 15424K, reserved 1048576K
}
Event: 124.792 GC heap after
{Heap after GC invocations=46 (full 0):
 garbage-first heap   total 230400K, used 135431K [0x0000000080000000, 0x0000000100000000)
  region size 1024K, 1 young (1024K), 1 survivors (1024K)
 Metaspace       used 112227K, committed 113216K, reserved 1179648K
  class space    used 14940K, committed 15424K, reserved 1048576K
}
Event: 136.683 GC heap before
{Heap before GC invocations=46 (full 0):
 garbage-first heap   total 230400K, used 194823K [0x0000000080000000, 0x0000000100000000)
  region size 1024K, 59 young (60416K), 1 survivors (1024K)
 Metaspace       used 112229K, committed 113216K, reserved 1179648K
  class space    used 14940K, committed 15424K, reserved 1048576K
}
Event: 136.685 GC heap after
{Heap after GC invocations=47 (full 0):
 garbage-first heap   total 230400K, used 135414K [0x0000000080000000, 0x0000000100000000)
  region size 1024K, 1 young (1024K), 1 survivors (1024K)
 Metaspace       used 112229K, committed 113216K, reserved 1179648K
  class space    used 14940K, committed 15424K, reserved 1048576K
}
Event: 147.134 GC heap before
{Heap before GC invocations=47 (full 0):
 garbage-first heap   total 230400K, used 196854K [0x0000000080000000, 0x0000000100000000)
  region size 1024K, 61 young (62464K), 1 survivors (1024K)
 Metaspace       used 112231K, committed 113216K, reserved 1179648K
  class space    used 14940K, committed 15424K, reserved 1048576K
}
Event: 147.137 GC heap after
{Heap after GC invocations=48 (full 0):
 garbage-first heap   total 230400K, used 135409K [0x0000000080000000, 0x0000000100000000)
  region size 1024K, 1 young (1024K), 1 survivors (1024K)
 Metaspace       used 112231K, committed 113216K, reserved 1179648K
  class space    used 14940K, committed 15424K, reserved 1048576K
}
Event: 154.751 GC heap before
{Heap before GC invocations=48 (full 0):
 garbage-first heap   total 230400K, used 197873K [0x0000000080000000, 0x0000000100000000)
  region size 1024K, 62 young (63488K), 1 survivors (1024K)
 Metaspace       used 112231K, committed 113216K, reserved 1179648K
  class space    used 14940K, committed 15424K, reserved 1048576K
}
Event: 154.753 GC heap after
{Heap after GC invocations=49 (full 0):
 garbage-first heap   total 230400K, used 135415K [0x0000000080000000, 0x0000000100000000)
  region size 1024K, 1 young (1024K), 1 survivors (1024K)
 Metaspace       used 112231K, committed 113216K, reserved 1179648K
  class space    used 14940K, committed 15424K, reserved 1048576K
}
Event: 164.137 GC heap before
{Heap before GC invocations=50 (full 0):
 garbage-first heap   total 230400K, used 199927K [0x0000000080000000, 0x0000000100000000)
  region size 1024K, 64 young (65536K), 1 survivors (1024K)
 Metaspace       used 112346K, committed 113280K, reserved 1179648K
  class space    used 14951K, committed 15424K, reserved 1048576K
}
Event: 164.144 GC heap after
{Heap after GC invocations=51 (full 0):
 garbage-first heap   total 230400K, used 128845K [0x0000000080000000, 0x0000000100000000)
  region size 1024K, 1 young (1024K), 1 survivors (1024K)
 Metaspace       used 112346K, committed 113280K, reserved 1179648K
  class space    used 14951K, committed 15424K, reserved 1048576K
}
Event: 165.674 GC heap before
{Heap before GC invocations=51 (full 0):
 garbage-first heap   total 230400K, used 139085K [0x0000000080000000, 0x0000000100000000)
  region size 1024K, 11 young (11264K), 1 survivors (1024K)
 Metaspace       used 112348K, committed 113280K, reserved 1179648K
  class space    used 14951K, committed 15424K, reserved 1048576K
}
Event: 165.680 GC heap after
{Heap after GC invocations=52 (full 0):
 garbage-first heap   total 230400K, used 128668K [0x0000000080000000, 0x0000000100000000)
  region size 1024K, 1 young (1024K), 1 survivors (1024K)
 Metaspace       used 112348K, committed 113280K, reserved 1179648K
  class space    used 14951K, committed 15424K, reserved 1048576K
}
Event: 187.850 GC heap before
{Heap before GC invocations=52 (full 0):
 garbage-first heap   total 230400K, used 199324K [0x0000000080000000, 0x0000000100000000)
  region size 1024K, 70 young (71680K), 1 survivors (1024K)
 Metaspace       used 112352K, committed 113280K, reserved 1179648K
  class space    used 14951K, committed 15424K, reserved 1048576K
}
Event: 187.886 GC heap after
{Heap after GC invocations=53 (full 0):
 garbage-first heap   total 230400K, used 128702K [0x0000000080000000, 0x0000000100000000)
  region size 1024K, 1 young (1024K), 1 survivors (1024K)
 Metaspace       used 112352K, committed 113280K, reserved 1179648K
  class space    used 14951K, committed 15424K, reserved 1048576K
}
Event: 214.045 GC heap before
{Heap before GC invocations=53 (full 0):
 garbage-first heap   total 230400K, used 200382K [0x0000000080000000, 0x0000000100000000)
  region size 1024K, 71 young (72704K), 1 survivors (1024K)
 Metaspace       used 112379K, committed 113344K, reserved 1179648K
  class space    used 14952K, committed 15424K, reserved 1048576K
}
Event: 214.051 GC heap after
{Heap after GC invocations=54 (full 0):
 garbage-first heap   total 230400K, used 128744K [0x0000000080000000, 0x0000000100000000)
  region size 1024K, 1 young (1024K), 1 survivors (1024K)
 Metaspace       used 112379K, committed 113344K, reserved 1179648K
  class space    used 14952K, committed 15424K, reserved 1048576K
}
Event: 276.872 GC heap before
{Heap before GC invocations=54 (full 0):
 garbage-first heap   total 230400K, used 201448K [0x0000000080000000, 0x0000000100000000)
  region size 1024K, 72 young (73728K), 1 survivors (1024K)
 Metaspace       used 112439K, committed 113408K, reserved 1179648K
  class space    used 14963K, committed 15424K, reserved 1048576K
}

